0 info it worked if it ends with ok
1 verbose cli [ '/usr/local/bin/iojs', '/usr/local/bin/npm', 'start' ]
2 info using npm@3.10.8
3 info using node@v2.3.3
4 verbose run-script [ 'prestart', 'start', 'poststart' ]
5 info lifecycle get-post-demo@0.0.1~prestart: get-post-demo@0.0.1
6 silly lifecycle get-post-demo@0.0.1~prestart: no script for prestart, continuing
7 info lifecycle get-post-demo@0.0.1~start: get-post-demo@0.0.1
8 verbose lifecycle get-post-demo@0.0.1~start: unsafe-perm in lifecycle true
9 verbose lifecycle get-post-demo@0.0.1~start: PATH: /usr/local/lib/node_modules/npm/bin/node-gyp-bin:/Volumes/HD_II/Office/Electron-samples/electron-issue-report/CrashReporter/server_stub_3000/node_modules/.bin:/opt/local/bin:/opt/local/sbin:/depot_tools:/usr/bin:/bin:/usr/sbin:/sbin:/usr/local/bin:/opt/X11/bin:/Volumes/HD_II/Office/gsutil/:/Applications/play-2.1.3/:/Users/kamesharumugam/bin/
10 verbose lifecycle get-post-demo@0.0.1~start: CWD: /Volumes/HD_II/Office/Electron-samples/electron-issue-report/CrashReporter/server_stub_3000
11 silly lifecycle get-post-demo@0.0.1~start: Args: [ '-c', 'node server.js' ]
12 silly lifecycle get-post-demo@0.0.1~start: Returned: code: 1  signal: null
13 info lifecycle get-post-demo@0.0.1~start: Failed to exec start script
14 verbose stack Error: get-post-demo@0.0.1 start: `node server.js`
14 verbose stack Exit status 1
14 verbose stack     at EventEmitter.<anonymous> (/usr/local/lib/node_modules/npm/lib/utils/lifecycle.js:255:16)
14 verbose stack     at emitTwo (events.js:87:13)
14 verbose stack     at EventEmitter.emit (events.js:172:7)
14 verbose stack     at ChildProcess.<anonymous> (/usr/local/lib/node_modules/npm/lib/utils/spawn.js:40:14)
14 verbose stack     at emitTwo (events.js:87:13)
14 verbose stack     at ChildProcess.emit (events.js:172:7)
14 verbose stack     at maybeClose (internal/child_process.js:764:16)
14 verbose stack     at Process.ChildProcess._handle.onexit (internal/child_process.js:211:5)
15 verbose pkgid get-post-demo@0.0.1
16 verbose cwd /Volumes/HD_II/Office/Electron-samples/electron-issue-report/CrashReporter/server_stub_3000
17 error Darwin 15.0.0
18 error argv "/usr/local/bin/iojs" "/usr/local/bin/npm" "start"
19 error node v2.3.3
20 error npm  v3.10.8
21 error code ELIFECYCLE
22 error get-post-demo@0.0.1 start: `node server.js`
22 error Exit status 1
23 error Failed at the get-post-demo@0.0.1 start script 'node server.js'.
23 error Make sure you have the latest version of node.js and npm installed.
23 error If you do, this is most likely a problem with the get-post-demo package,
23 error not with npm itself.
23 error Tell the author that this fails on your system:
23 error     node server.js
23 error You can get information on how to open an issue for this project with:
23 error     npm bugs get-post-demo
23 error Or if that isn't available, you can get their info via:
23 error     npm owner ls get-post-demo
23 error There is likely additional logging output above.
24 verbose exit [ 1, true ]
